2018-03-22 09:10:35.778 [main] INFO  com.ftoul.bi.etl.EtlApplication - Starting application
2018-03-22 09:10:36.058 [main] INFO  com.ftoul.bi.etl.EtlApplication - Starting EtlApplication on P-PC with PID 11440 (E:\SVN\Analysis\trunk\DW\02Java\etl\target\classes started by xiaohf in E:\SVN\Analysis\trunk\DW\02Java\etl)
2018-03-22 09:10:36.058 [main] INFO  com.ftoul.bi.etl.EtlApplication - No active profile set, falling back to default profiles: default
2018-03-22 09:10:36.136 [main] INFO  o.s.b.c.e.AnnotationConfigEmbeddedWebApplicationContext - Refreshing org.springframework.boot.context.embedded.AnnotationConfigEmbeddedWebApplicationContext@2f177a4b: startup date [Thu Mar 22 09:10:36 CST 2018]; root of context hierarchy
2018-03-22 09:10:36.214 [background-preinit] INFO  org.hibernate.validator.internal.util.Version - HV000001: Hibernate Validator 5.3.5.Final
2018-03-22 09:10:37.041 [main] INFO  o.s.b.c.e.tomcat.TomcatEmbeddedServletContainer - Tomcat initialized with port(s): 8083 (http)
2018-03-22 09:10:37.041 [main] INFO  org.apache.catalina.core.StandardService - Starting service [Tomcat]
2018-03-22 09:10:37.041 [main] INFO  org.apache.catalina.core.StandardEngine - Starting Servlet Engine: Apache Tomcat/8.5.23
2018-03-22 09:10:37.103 [localhost-startStop-1] INFO  o.a.c.core.ContainerBase.[Tomcat].[localhost].[/] - Initializing Spring embedded WebApplicationContext
2018-03-22 09:10:37.103 [localhost-startStop-1] INFO  org.springframework.web.context.ContextLoader - Root WebApplicationContext: initialization completed in 967 ms
2018-03-22 09:10:37.181 [localhost-startStop-1] INFO  o.s.boot.web.servlet.ServletRegistrationBean - Mapping servlet: 'dispatcherServlet' to [/]
2018-03-22 09:10:37.181 [localhost-startStop-1] INFO  o.s.boot.web.servlet.FilterRegistrationBean - Mapping filter: 'characterEncodingFilter' to: [/*]
2018-03-22 09:10:37.181 [localhost-startStop-1] INFO  o.s.boot.web.servlet.FilterRegistrationBean - Mapping filter: 'hiddenHttpMethodFilter' to: [/*]
2018-03-22 09:10:37.181 [localhost-startStop-1] INFO  o.s.boot.web.servlet.FilterRegistrationBean - Mapping filter: 'httpPutFormContentFilter' to: [/*]
2018-03-22 09:10:37.181 [localhost-startStop-1] INFO  o.s.boot.web.servlet.FilterRegistrationBean - Mapping filter: 'requestContextFilter' to: [/*]
2018-03-22 09:10:37.743 [main] INFO  o.s.w.s.m.m.a.RequestMappingHandlerAdapter - Looking for @ControllerAdvice: org.springframework.boot.context.embedded.AnnotationConfigEmbeddedWebApplicationContext@2f177a4b: startup date [Thu Mar 22 09:10:36 CST 2018]; root of context hierarchy
2018-03-22 09:10:37.774 [main] INFO  o.s.w.s.m.m.a.RequestMappingHandlerMapping - Mapped "{[/dsdef/list],produces=[application/json;charset=utf-8]}" onto public java.lang.Object com.ftoul.bi.etl.controller.DsDefController.getList()
2018-03-22 09:10:37.774 [main] INFO  o.s.w.s.m.m.a.RequestMappingHandlerMapping - Mapped "{[/error]}" onto public org.springframework.http.ResponseEntity<java.util.Map<java.lang.String, java.lang.Object>> org.springframework.boot.autoconfigure.web.BasicErrorController.error(javax.servlet.http.HttpServletRequest)
2018-03-22 09:10:37.774 [main] INFO  o.s.w.s.m.m.a.RequestMappingHandlerMapping - Mapped "{[/error],produces=[text/html]}" onto public org.springframework.web.servlet.ModelAndView org.springframework.boot.autoconfigure.web.BasicErrorController.errorHtml(javax.servlet.http.HttpServletRequest,javax.servlet.http.HttpServletResponse)
2018-03-22 09:10:37.805 [main] INFO  o.s.web.servlet.handler.SimpleUrlHandlerMapping - Mapped URL path [/webjars/**] onto handler of type [class org.springframework.web.servlet.resource.ResourceHttpRequestHandler]
2018-03-22 09:10:37.805 [main] INFO  o.s.web.servlet.handler.SimpleUrlHandlerMapping - Mapped URL path [/**] onto handler of type [class org.springframework.web.servlet.resource.ResourceHttpRequestHandler]
2018-03-22 09:10:37.821 [main] INFO  o.s.web.servlet.handler.SimpleUrlHandlerMapping - Mapped URL path [/**/favicon.ico] onto handler of type [class org.springframework.web.servlet.resource.ResourceHttpRequestHandler]
2018-03-22 09:10:37.930 [main] INFO  o.s.jmx.export.annotation.AnnotationMBeanExporter - Registering beans for JMX exposure on startup
2018-03-22 09:10:37.961 [main] INFO  org.apache.coyote.http11.Http11NioProtocol - Initializing ProtocolHandler ["http-nio-8083"]
2018-03-22 09:10:37.977 [main] INFO  org.apache.coyote.http11.Http11NioProtocol - Starting ProtocolHandler ["http-nio-8083"]
2018-03-22 09:10:37.977 [main] INFO  org.apache.tomcat.util.net.NioSelectorPool - Using a shared selector for servlet write/read
2018-03-22 09:10:37.992 [main] INFO  o.s.b.c.e.tomcat.TomcatEmbeddedServletContainer - Tomcat started on port(s): 8083 (http)
2018-03-22 09:10:37.992 [main] INFO  com.ftoul.bi.etl.EtlApplication - Started EtlApplication in 2.105 seconds (JVM running for 3.155)
2018-03-22 09:10:37.992 [main] INFO  com.ftoul.bi.etl.EtlApplication - Starting Schedule Thread
2018-03-22 09:10:37.992 [Thread-9] INFO  com.ftoul.bi.etl.schd.common.ScheduleThread - 初始化数据库....
2018-03-22 09:10:38.242 [Thread-9] INFO  com.ftoul.bi.etl.schd.common.ScheduleThread - 启动数据源定时调度....
2018-03-22 09:10:38.242 [Thread-9] INFO  o.s.scheduling.concurrent.ThreadPoolTaskScheduler - Initializing ExecutorService 
2018-03-22 09:10:38.242 [Thread-9] INFO  com.ftoul.bi.etl.schd.common.ScheduleThread - 启动队列生成器...
2018-03-22 09:10:38.242 [Thread-9] INFO  o.s.scheduling.concurrent.ThreadPoolTaskScheduler - Initializing ExecutorService 
2018-03-22 09:10:39.022 [ThreadPoolTaskScheduler-1] INFO  com.ftoul.bi.etl.schd.QueueSchedule - running here....
2018-03-22 09:10:40.005 [ThreadPoolTaskScheduler-1] INFO  com.ftoul.bi.etl.schd.QueueSchedule - running here....
2018-03-22 09:10:41.003 [ThreadPoolTaskScheduler-1] INFO  com.ftoul.bi.etl.schd.QueueSchedule - running here....
2018-03-22 09:10:42.017 [ThreadPoolTaskScheduler-1] INFO  com.ftoul.bi.etl.schd.QueueSchedule - running here....
2018-03-22 09:10:43.015 [ThreadPoolTaskScheduler-1] INFO  com.ftoul.bi.etl.schd.QueueSchedule - running here....
2018-03-22 09:10:44.013 [ThreadPoolTaskScheduler-1] INFO  com.ftoul.bi.etl.schd.QueueSchedule - running here....
2018-03-22 09:10:45.011 [ThreadPoolTaskScheduler-1] INFO  com.ftoul.bi.etl.schd.QueueSchedule - running here....
2018-03-22 09:10:46.010 [ThreadPoolTaskScheduler-1] INFO  com.ftoul.bi.etl.schd.QueueSchedule - running here....
2018-03-22 09:10:47.008 [ThreadPoolTaskScheduler-1] INFO  com.ftoul.bi.etl.schd.QueueSchedule - running here....
2018-03-22 09:10:48.006 [ThreadPoolTaskScheduler-1] INFO  com.ftoul.bi.etl.schd.QueueSchedule - running here....
2018-03-22 09:10:59.495 [main] INFO  com.ftoul.bi.etl.EtlApplication - Starting application
2018-03-22 09:10:59.682 [main] INFO  com.ftoul.bi.etl.EtlApplication - Starting EtlApplication on P-PC with PID 11360 (E:\SVN\Analysis\trunk\DW\02Java\etl\target\classes started by xiaohf in E:\SVN\Analysis\trunk\DW\02Java\etl)
2018-03-22 09:10:59.682 [main] INFO  com.ftoul.bi.etl.EtlApplication - No active profile set, falling back to default profiles: default
2018-03-22 09:10:59.760 [main] INFO  o.s.b.c.e.AnnotationConfigEmbeddedWebApplicationContext - Refreshing org.springframework.boot.context.embedded.AnnotationConfigEmbeddedWebApplicationContext@2f177a4b: startup date [Thu Mar 22 09:10:59 CST 2018]; root of context hierarchy
2018-03-22 09:10:59.854 [background-preinit] INFO  org.hibernate.validator.internal.util.Version - HV000001: Hibernate Validator 5.3.5.Final
2018-03-22 09:11:00.789 [main] INFO  o.s.b.c.e.tomcat.TomcatEmbeddedServletContainer - Tomcat initialized with port(s): 8083 (http)
2018-03-22 09:11:00.789 [main] INFO  org.apache.catalina.core.StandardService - Starting service [Tomcat]
2018-03-22 09:11:00.789 [main] INFO  org.apache.catalina.core.StandardEngine - Starting Servlet Engine: Apache Tomcat/8.5.23
2018-03-22 09:11:00.852 [localhost-startStop-1] INFO  o.a.c.core.ContainerBase.[Tomcat].[localhost].[/] - Initializing Spring embedded WebApplicationContext
2018-03-22 09:11:00.852 [localhost-startStop-1] INFO  org.springframework.web.context.ContextLoader - Root WebApplicationContext: initialization completed in 1092 ms
2018-03-22 09:11:00.930 [localhost-startStop-1] INFO  o.s.boot.web.servlet.ServletRegistrationBean - Mapping servlet: 'dispatcherServlet' to [/]
2018-03-22 09:11:00.930 [localhost-startStop-1] INFO  o.s.boot.web.servlet.FilterRegistrationBean - Mapping filter: 'characterEncodingFilter' to: [/*]
2018-03-22 09:11:00.930 [localhost-startStop-1] INFO  o.s.boot.web.servlet.FilterRegistrationBean - Mapping filter: 'hiddenHttpMethodFilter' to: [/*]
2018-03-22 09:11:00.930 [localhost-startStop-1] INFO  o.s.boot.web.servlet.FilterRegistrationBean - Mapping filter: 'httpPutFormContentFilter' to: [/*]
2018-03-22 09:11:00.930 [localhost-startStop-1] INFO  o.s.boot.web.servlet.FilterRegistrationBean - Mapping filter: 'requestContextFilter' to: [/*]
2018-03-22 09:11:01.429 [main] INFO  o.s.w.s.m.m.a.RequestMappingHandlerAdapter - Looking for @ControllerAdvice: org.springframework.boot.context.embedded.AnnotationConfigEmbeddedWebApplicationContext@2f177a4b: startup date [Thu Mar 22 09:10:59 CST 2018]; root of context hierarchy
2018-03-22 09:11:01.460 [main] INFO  o.s.w.s.m.m.a.RequestMappingHandlerMapping - Mapped "{[/dsdef/list],produces=[application/json;charset=utf-8]}" onto public java.lang.Object com.ftoul.bi.etl.controller.DsDefController.getList()
2018-03-22 09:11:01.460 [main] INFO  o.s.w.s.m.m.a.RequestMappingHandlerMapping - Mapped "{[/error]}" onto public org.springframework.http.ResponseEntity<java.util.Map<java.lang.String, java.lang.Object>> org.springframework.boot.autoconfigure.web.BasicErrorController.error(javax.servlet.http.HttpServletRequest)
2018-03-22 09:11:01.460 [main] INFO  o.s.w.s.m.m.a.RequestMappingHandlerMapping - Mapped "{[/error],produces=[text/html]}" onto public org.springframework.web.servlet.ModelAndView org.springframework.boot.autoconfigure.web.BasicErrorController.errorHtml(javax.servlet.http.HttpServletRequest,javax.servlet.http.HttpServletResponse)
2018-03-22 09:11:01.476 [main] INFO  o.s.web.servlet.handler.SimpleUrlHandlerMapping - Mapped URL path [/webjars/**] onto handler of type [class org.springframework.web.servlet.resource.ResourceHttpRequestHandler]
2018-03-22 09:11:01.476 [main] INFO  o.s.web.servlet.handler.SimpleUrlHandlerMapping - Mapped URL path [/**] onto handler of type [class org.springframework.web.servlet.resource.ResourceHttpRequestHandler]
2018-03-22 09:11:01.491 [main] INFO  o.s.web.servlet.handler.SimpleUrlHandlerMapping - Mapped URL path [/**/favicon.ico] onto handler of type [class org.springframework.web.servlet.resource.ResourceHttpRequestHandler]
2018-03-22 09:11:01.601 [main] INFO  o.s.jmx.export.annotation.AnnotationMBeanExporter - Registering beans for JMX exposure on startup
2018-03-22 09:11:01.616 [main] INFO  org.apache.coyote.http11.Http11NioProtocol - Initializing ProtocolHandler ["http-nio-8083"]
2018-03-22 09:11:01.616 [main] INFO  org.apache.coyote.http11.Http11NioProtocol - Starting ProtocolHandler ["http-nio-8083"]
2018-03-22 09:11:01.632 [main] INFO  org.apache.tomcat.util.net.NioSelectorPool - Using a shared selector for servlet write/read
2018-03-22 09:11:01.632 [main] INFO  o.s.b.c.e.tomcat.TomcatEmbeddedServletContainer - Tomcat started on port(s): 8083 (http)
2018-03-22 09:11:01.647 [main] INFO  com.ftoul.bi.etl.EtlApplication - Started EtlApplication in 2.105 seconds (JVM running for 2.574)
2018-03-22 09:11:01.647 [main] INFO  com.ftoul.bi.etl.EtlApplication - Starting Schedule Thread
2018-03-22 09:11:01.647 [Thread-8] INFO  com.ftoul.bi.etl.schd.common.ScheduleThread - 初始化数据库....
2018-03-22 09:11:01.897 [Thread-8] INFO  com.ftoul.bi.etl.schd.common.ScheduleThread - 启动数据源定时调度....
2018-03-22 09:11:01.897 [Thread-8] INFO  o.s.scheduling.concurrent.ThreadPoolTaskScheduler - Initializing ExecutorService 
2018-03-22 09:11:01.913 [Thread-8] INFO  com.ftoul.bi.etl.schd.common.ScheduleThread - 启动队列生成器...
2018-03-22 09:11:01.913 [Thread-8] INFO  o.s.scheduling.concurrent.ThreadPoolTaskScheduler - Initializing ExecutorService 
2018-03-22 09:11:44.239 [main] INFO  com.ftoul.bi.etl.EtlApplication - Starting application
2018-03-22 09:11:44.473 [main] INFO  com.ftoul.bi.etl.EtlApplication - Starting EtlApplication on P-PC with PID 11772 (E:\SVN\Analysis\trunk\DW\02Java\etl\target\classes started by xiaohf in E:\SVN\Analysis\trunk\DW\02Java\etl)
2018-03-22 09:11:44.473 [main] INFO  com.ftoul.bi.etl.EtlApplication - No active profile set, falling back to default profiles: default
2018-03-22 09:11:44.551 [main] INFO  o.s.b.c.e.AnnotationConfigEmbeddedWebApplicationContext - Refreshing org.springframework.boot.context.embedded.AnnotationConfigEmbeddedWebApplicationContext@2f177a4b: startup date [Thu Mar 22 09:11:44 CST 2018]; root of context hierarchy
2018-03-22 09:11:44.645 [background-preinit] INFO  org.hibernate.validator.internal.util.Version - HV000001: Hibernate Validator 5.3.5.Final
2018-03-22 09:11:45.612 [main] INFO  o.s.b.c.e.tomcat.TomcatEmbeddedServletContainer - Tomcat initialized with port(s): 8083 (http)
2018-03-22 09:11:45.612 [main] INFO  org.apache.catalina.core.StandardService - Starting service [Tomcat]
2018-03-22 09:11:45.612 [main] INFO  org.apache.catalina.core.StandardEngine - Starting Servlet Engine: Apache Tomcat/8.5.23
2018-03-22 09:11:45.674 [localhost-startStop-1] INFO  o.a.c.core.ContainerBase.[Tomcat].[localhost].[/] - Initializing Spring embedded WebApplicationContext
2018-03-22 09:11:45.674 [localhost-startStop-1] INFO  org.springframework.web.context.ContextLoader - Root WebApplicationContext: initialization completed in 1123 ms
2018-03-22 09:11:45.752 [localhost-startStop-1] INFO  o.s.boot.web.servlet.ServletRegistrationBean - Mapping servlet: 'dispatcherServlet' to [/]
2018-03-22 09:11:45.768 [localhost-startStop-1] INFO  o.s.boot.web.servlet.FilterRegistrationBean - Mapping filter: 'characterEncodingFilter' to: [/*]
2018-03-22 09:11:45.768 [localhost-startStop-1] INFO  o.s.boot.web.servlet.FilterRegistrationBean - Mapping filter: 'hiddenHttpMethodFilter' to: [/*]
2018-03-22 09:11:45.768 [localhost-startStop-1] INFO  o.s.boot.web.servlet.FilterRegistrationBean - Mapping filter: 'httpPutFormContentFilter' to: [/*]
2018-03-22 09:11:45.768 [localhost-startStop-1] INFO  o.s.boot.web.servlet.FilterRegistrationBean - Mapping filter: 'requestContextFilter' to: [/*]
2018-03-22 09:11:46.220 [main] INFO  o.s.w.s.m.m.a.RequestMappingHandlerAdapter - Looking for @ControllerAdvice: org.springframework.boot.context.embedded.AnnotationConfigEmbeddedWebApplicationContext@2f177a4b: startup date [Thu Mar 22 09:11:44 CST 2018]; root of context hierarchy
2018-03-22 09:11:46.251 [main] INFO  o.s.w.s.m.m.a.RequestMappingHandlerMapping - Mapped "{[/dsdef/list],produces=[application/json;charset=utf-8]}" onto public java.lang.Object com.ftoul.bi.etl.controller.DsDefController.getList()
2018-03-22 09:11:46.251 [main] INFO  o.s.w.s.m.m.a.RequestMappingHandlerMapping - Mapped "{[/error]}" onto public org.springframework.http.ResponseEntity<java.util.Map<java.lang.String, java.lang.Object>> org.springframework.boot.autoconfigure.web.BasicErrorController.error(javax.servlet.http.HttpServletRequest)
2018-03-22 09:11:46.251 [main] INFO  o.s.w.s.m.m.a.RequestMappingHandlerMapping - Mapped "{[/error],produces=[text/html]}" onto public org.springframework.web.servlet.ModelAndView org.springframework.boot.autoconfigure.web.BasicErrorController.errorHtml(javax.servlet.http.HttpServletRequest,javax.servlet.http.HttpServletResponse)
2018-03-22 09:11:46.267 [main] INFO  o.s.web.servlet.handler.SimpleUrlHandlerMapping - Mapped URL path [/webjars/**] onto handler of type [class org.springframework.web.servlet.resource.ResourceHttpRequestHandler]
2018-03-22 09:11:46.267 [main] INFO  o.s.web.servlet.handler.SimpleUrlHandlerMapping - Mapped URL path [/**] onto handler of type [class org.springframework.web.servlet.resource.ResourceHttpRequestHandler]
2018-03-22 09:11:46.282 [main] INFO  o.s.web.servlet.handler.SimpleUrlHandlerMapping - Mapped URL path [/**/favicon.ico] onto handler of type [class org.springframework.web.servlet.resource.ResourceHttpRequestHandler]
2018-03-22 09:11:46.407 [main] INFO  o.s.jmx.export.annotation.AnnotationMBeanExporter - Registering beans for JMX exposure on startup
2018-03-22 09:11:46.423 [main] INFO  org.apache.coyote.http11.Http11NioProtocol - Initializing ProtocolHandler ["http-nio-8083"]
2018-03-22 09:11:46.438 [main] INFO  org.apache.coyote.http11.Http11NioProtocol - Starting ProtocolHandler ["http-nio-8083"]
2018-03-22 09:11:46.454 [main] INFO  org.apache.tomcat.util.net.NioSelectorPool - Using a shared selector for servlet write/read
2018-03-22 09:11:46.454 [main] INFO  o.s.b.c.e.tomcat.TomcatEmbeddedServletContainer - Tomcat started on port(s): 8083 (http)
2018-03-22 09:11:46.454 [main] INFO  com.ftoul.bi.etl.EtlApplication - Started EtlApplication in 2.153 seconds (JVM running for 2.658)
2018-03-22 09:11:46.454 [main] INFO  com.ftoul.bi.etl.EtlApplication - Starting Schedule Thread
2018-03-22 09:11:46.470 [Thread-9] INFO  com.ftoul.bi.etl.schd.common.ScheduleThread - 初始化数据库....
2018-03-22 09:11:46.703 [Thread-9] INFO  com.ftoul.bi.etl.schd.common.ScheduleThread - 启动数据源定时调度....
2018-03-22 09:11:46.719 [Thread-9] INFO  o.s.scheduling.concurrent.ThreadPoolTaskScheduler - Initializing ExecutorService 
2018-03-22 09:11:46.719 [Thread-9] INFO  com.ftoul.bi.etl.schd.common.ScheduleThread - 启动队列生成器...
2018-03-22 09:11:46.719 [Thread-9] INFO  o.s.scheduling.concurrent.ThreadPoolTaskScheduler - Initializing ExecutorService 
2018-03-22 09:11:50.026 [ThreadPoolTaskScheduler-1] INFO  com.ftoul.bi.etl.schd.QueueSchedule - running here....
2018-03-22 09:12:00.025 [ThreadPoolTaskScheduler-1] INFO  com.ftoul.bi.etl.schd.QueueSchedule - running here....
2018-03-22 09:12:10.008 [ThreadPoolTaskScheduler-1] INFO  com.ftoul.bi.etl.schd.QueueSchedule - running here....
2018-03-22 09:12:20.007 [ThreadPoolTaskScheduler-1] INFO  com.ftoul.bi.etl.schd.QueueSchedule - running here....
2018-03-22 09:12:30.017 [ThreadPoolTaskScheduler-1] INFO  com.ftoul.bi.etl.schd.QueueSchedule - running here....
2018-03-22 09:12:40.016 [ThreadPoolTaskScheduler-1] INFO  com.ftoul.bi.etl.schd.QueueSchedule - running here....
